<?xml version="1.0" encoding="UTF-8"?>
<testng-results ignored="0" total="7" passed="5" failed="2" skipped="0">
  <reporter-output>
  </reporter-output>
  <suite started-at="2020-12-18T12:14:34 MSK" name="Surefire suite" finished-at="2020-12-18T12:15:32 MSK" duration-ms="57990">
    <groups>
    </groups>
    <test started-at="2020-12-18T12:14:34 MSK" name="Surefire test" finished-at="2020-12-18T12:15:32 MSK" duration-ms="57990">
      <class name="tests.Tests_2_pictures">
        <test-method is-config="true" signature="before()[pri:0, instance:tests.Tests_2_pictures@9d200de]" started-at="2020-12-18T12:14:34 MSK" name="before" finished-at="2020-12-18T12:14:48 MSK" duration-ms="14016" status="PASS">
          <reporter-output>
          </reporter-output>
        </test-method> <!-- before -->
        <test-method signature="happyPassPicter()[pri:0, instance:tests.Tests_2_pictures@9d200de]" started-at="2020-12-18T12:14:48 MSK" name="happyPassPicter" description="Переход на вкладку картинок в Яндексе" finished-at="2020-12-18T12:15:03 MSK" duration-ms="15374" status="PASS">
          <reporter-output>
          </reporter-output>
        </test-method> <!-- happyPassPicter -->
        <test-method is-config="true" signature="close()[pri:0, instance:tests.Tests_2_pictures@9d200de]" started-at="2020-12-18T12:15:03 MSK" name="close" finished-at="2020-12-18T12:15:05 MSK" duration-ms="2101" status="PASS">
          <reporter-output>
          </reporter-output>
        </test-method> <!-- close -->
      </class> <!-- tests.Tests_2_pictures -->
      <class name="tests.Tests_3_news">
        <test-method is-config="true" signature="before()[pri:0, instance:tests.Tests_3_news@511505e7]" started-at="2020-12-18T12:14:34 MSK" name="before" finished-at="2020-12-18T12:14:58 MSK" duration-ms="23935" status="PASS">
          <reporter-output>
          </reporter-output>
        </test-method> <!-- before -->
        <test-method signature="happyPassNews()[pri:0, instance:tests.Tests_3_news@511505e7]" started-at="2020-12-18T12:14:58 MSK" name="happyPassNews" description="Переход на вкладку новостей в Яндексе и поиск новостей" finished-at="2020-12-18T12:15:09 MSK" duration-ms="10856" status="PASS">
          <reporter-output>
          </reporter-output>
        </test-method> <!-- happyPassNews -->
        <test-method is-config="true" signature="close()[pri:0, instance:tests.Tests_3_news@511505e7]" started-at="2020-12-18T12:15:09 MSK" name="close" finished-at="2020-12-18T12:15:10 MSK" duration-ms="1492" status="PASS">
          <reporter-output>
          </reporter-output>
        </test-method> <!-- close -->
      </class> <!-- tests.Tests_3_news -->
      <class name="tests.Tests_1_search">
        <test-method is-config="true" signature="before()[pri:0, instance:tests.Tests_1_search@70e02081]" started-at="2020-12-18T12:14:34 MSK" name="before" finished-at="2020-12-18T12:14:56 MSK" duration-ms="22641" status="PASS">
          <reporter-output>
          </reporter-output>
        </test-method> <!-- before -->
        <test-method signature="happyPassCalc()[pri:0, instance:tests.Tests_1_search@70e02081]" started-at="2020-12-18T12:14:56 MSK" name="happyPassCalc" description="Тест калькулятора в поиске" finished-at="2020-12-18T12:15:04 MSK" duration-ms="7503" status="FAIL">
          <exception class="com.codeborne.selenide.ex.ElementNotFound">
            <message>
              <![CDATA[Element not found {By.xpath: //div[@class='calculator__screen']//span[text()='5 + 5']}
Expected: exist
Screenshot: file:/C:/Users/Yury/IdeaProjects/Yandex.ru/build/reports/tests/1608282901958.0.png
Page source: file:/C:/Users/Yury/IdeaProjects/Yandex.ru/build/reports/tests/1608282901958.0.html
Timeout: 4 s.
Caused by: NoSuchElementException: no such element: Unable to locate element: {"method":"xpath","selector":"//div[@class='calculator__screen']//span[text()='5 + 5']"}]]>
            </message>
            <full-stacktrace>
              <![CDATA[Element not found {By.xpath: //div[@class='calculator__screen']//span[text()='5 + 5']}
Expected: exist
Screenshot: file:/C:/Users/Yury/IdeaProjects/Yandex.ru/build/reports/tests/1608282901958.0.png
Page source: file:/C:/Users/Yury/IdeaProjects/Yandex.ru/build/reports/tests/1608282901958.0.html
Timeout: 4 s.
Caused by: NoSuchElementException: no such element: Unable to locate element: {"method":"xpath","selector":"//div[@class='calculator__screen']//span[text()='5 + 5']"}
at com.codeborne.selenide.impl.WebElementSource.createElementNotFoundError(WebElementSource.java:56)
at com.codeborne.selenide.impl.ElementFinder.createElementNotFoundError(ElementFinder.java:136)
at com.codeborne.selenide.impl.WebElementSource.checkCondition(WebElementSource.java:87)
at com.codeborne.selenide.commands.Should.execute(Should.java:30)
at com.codeborne.selenide.commands.Should.execute(Should.java:14)
at com.codeborne.selenide.commands.Commands.execute(Commands.java:153)
at com.codeborne.selenide.impl.SelenideElementProxy.dispatchAndRetry(SelenideElementProxy.java:124)
at com.codeborne.selenide.impl.SelenideElementProxy.invoke(SelenideElementProxy.java:76)
at com.sun.proxy.$Proxy19.shouldBe(Unknown Source)
at tests.Tests_1_search.happyPassCalc(Tests_1_search.java:32)
at java.base/jdk.internal.reflect.NativeMethodAccessorImpl.invoke0(Native Method)
at java.base/jdk.internal.reflect.NativeMethodAccessorImpl.invoke(NativeMethodAccessorImpl.java:62)
at java.base/jdk.internal.reflect.DelegatingMethodAccessorImpl.invoke(DelegatingMethodAccessorImpl.java:43)
at java.base/java.lang.reflect.Method.invoke(Method.java:566)
at org.testng.internal.MethodInvocationHelper.invokeMethod(MethodInvocationHelper.java:132)
at org.testng.internal.TestInvoker.invokeMethod(TestInvoker.java:599)
at org.testng.internal.TestInvoker.invokeTestMethod(TestInvoker.java:174)
at org.testng.internal.MethodRunner.runInSequence(MethodRunner.java:46)
at org.testng.internal.TestInvoker$MethodInvocationAgent.invoke(TestInvoker.java:822)
at org.testng.internal.TestInvoker.invokeTestMethods(TestInvoker.java:147)
at org.testng.internal.TestMethodWorker.invokeTestMethods(TestMethodWorker.java:146)
at org.testng.internal.TestMethodWorker.run(TestMethodWorker.java:128)
at java.base/java.util.concurrent.ThreadPoolExecutor.runWorker(ThreadPoolExecutor.java:1128)
at java.base/java.util.concurrent.ThreadPoolExecutor$Worker.run(ThreadPoolExecutor.java:628)
at java.base/java.lang.Thread.run(Thread.java:834)
Caused by: org.openqa.selenium.NoSuchElementException: no such element: Unable to locate element: {"method":"xpath","selector":"//div[@class='calculator__screen']//span[text()='5 + 5']"}
  (Session info: chrome=87.0.4280.88)
For documentation on this error, please visit: https://www.seleniumhq.org/exceptions/no_such_element.html
Build info: version: '3.141.59', revision: 'e82be7d358', time: '2018-11-14T08:17:03'
System info: host: 'DESKTOP-S0EOUVT', ip: '192.168.0.104', os.name: 'Windows 10', os.arch: 'amd64', os.version: '10.0', java.version: '11.0.8'
Driver info: org.openqa.selenium.chrome.ChromeDriver
Capabilities {acceptInsecureCerts: true, browserName: chrome, browserVersion: 87.0.4280.88, chrome: {chromedriverVersion: 87.0.4280.88 (89e2380a3e36c..., userDataDir: C:\Users\Yury\AppData\Local...}, goog:chromeOptions: {debuggerAddress: localhost:63789}, javascriptEnabled: true, networkConnectionEnabled: false, pageLoadStrategy: normal, platform: WINDOWS, platformName: WINDOWS, proxy: Proxy(), setWindowRect: true, strictFileInteractability: false, timeouts: {implicit: 0, pageLoad: 300000, script: 30000}, unhandledPromptBehavior: dismiss and notify, webauthn:virtualAuthenticators: true}
Session ID: cc5538a8a5ac633d666c5c2efad7b88f
*** Element info: {Using=xpath, value=//div[@class='calculator__screen']//span[text()='5 + 5']}
at java.base/jdk.internal.reflect.NativeConstructorAccessorImpl.newInstance0(Native Method)
at java.base/jdk.internal.reflect.NativeConstructorAccessorImpl.newInstance(NativeConstructorAccessorImpl.java:62)
at java.base/jdk.internal.reflect.DelegatingConstructorAccessorImpl.newInstance(DelegatingConstructorAccessorImpl.java:45)
at java.base/java.lang.reflect.Constructor.newInstance(Constructor.java:490)
at org.openqa.selenium.remote.http.W3CHttpResponseCodec.createException(W3CHttpResponseCodec.java:187)
at org.openqa.selenium.remote.http.W3CHttpResponseCodec.decode(W3CHttpResponseCodec.java:122)
at org.openqa.selenium.remote.http.W3CHttpResponseCodec.decode(W3CHttpResponseCodec.java:49)
at org.openqa.selenium.remote.HttpCommandExecutor.execute(HttpCommandExecutor.java:158)
at org.openqa.selenium.remote.service.DriverCommandExecutor.execute(DriverCommandExecutor.java:83)
at org.openqa.selenium.remote.RemoteWebDriver.execute(RemoteWebDriver.java:552)
at org.openqa.selenium.remote.RemoteWebDriver.findElement(RemoteWebDriver.java:323)
at org.openqa.selenium.remote.RemoteWebDriver.findElementByXPath(RemoteWebDriver.java:428)
at org.openqa.selenium.By$ByXPath.findElement(By.java:353)
at org.openqa.selenium.remote.RemoteWebDriver.findElement(RemoteWebDriver.java:315)
at com.codeborne.selenide.impl.WebElementSelector.findElement(WebElementSelector.java:65)
at com.codeborne.selenide.impl.WebElementSelector.findElement(WebElementSelector.java:40)
at com.codeborne.selenide.impl.ElementFinder.getWebElement(ElementFinder.java:104)
at com.codeborne.selenide.impl.WebElementSource.checkCondition(WebElementSource.java:72)
... 22 more
]]>
            </full-stacktrace>
          </exception> <!-- com.codeborne.selenide.ex.ElementNotFound -->
          <reporter-output>
          </reporter-output>
        </test-method> <!-- happyPassCalc -->
        <test-method is-config="true" signature="close()[pri:0, instance:tests.Tests_1_search@70e02081]" started-at="2020-12-18T12:15:04 MSK" name="close" finished-at="2020-12-18T12:15:06 MSK" duration-ms="1292" status="PASS">
          <reporter-output>
          </reporter-output>
        </test-method> <!-- close -->
        <test-method is-config="true" signature="before()[pri:0, instance:tests.Tests_1_search@70e02081]" started-at="2020-12-18T12:15:06 MSK" name="before" finished-at="2020-12-18T12:15:15 MSK" duration-ms="9767" status="PASS">
          <reporter-output>
          </reporter-output>
        </test-method> <!-- before -->
        <test-method signature="happyPassMore()[pri:0, instance:tests.Tests_1_search@70e02081]" started-at="2020-12-18T12:15:15 MSK" name="happyPassMore" description="Проверка кнопки &quot;Ещё&quot;" finished-at="2020-12-18T12:15:18 MSK" duration-ms="2604" status="PASS">
          <reporter-output>
          </reporter-output>
        </test-method> <!-- happyPassMore -->
        <test-method is-config="true" signature="close()[pri:0, instance:tests.Tests_1_search@70e02081]" started-at="2020-12-18T12:15:18 MSK" name="close" finished-at="2020-12-18T12:15:19 MSK" duration-ms="1220" status="PASS">
          <reporter-output>
          </reporter-output>
        </test-method> <!-- close -->
        <test-method is-config="true" signature="before()[pri:0, instance:tests.Tests_1_search@70e02081]" started-at="2020-12-18T12:15:19 MSK" name="before" finished-at="2020-12-18T12:15:28 MSK" duration-ms="8433" status="PASS">
          <reporter-output>
          </reporter-output>
        </test-method> <!-- before -->
        <test-method signature="happyPassOK()[pri:0, instance:tests.Tests_1_search@70e02081]" started-at="2020-12-18T12:15:28 MSK" name="happyPassOK" description=" Тест поиска Одноклассников" finished-at="2020-12-18T12:15:30 MSK" duration-ms="2805" status="PASS">
          <reporter-output>
          </reporter-output>
        </test-method> <!-- happyPassOK -->
        <test-method is-config="true" signature="close()[pri:0, instance:tests.Tests_1_search@70e02081]" started-at="2020-12-18T12:15:30 MSK" name="close" finished-at="2020-12-18T12:15:32 MSK" duration-ms="1282" status="PASS">
          <reporter-output>
          </reporter-output>
        </test-method> <!-- close -->
      </class> <!-- tests.Tests_1_search -->
      <class name="tests.Tests">
        <test-method signature="TTT()[pri:0, instance:tests.Tests@66ba7e45]" started-at="2020-12-18T12:14:34 MSK" name="TTT" finished-at="2020-12-18T12:14:34 MSK" duration-ms="130" status="PASS">
          <reporter-output>
          </reporter-output>
        </test-method> <!-- TTT -->
      </class> <!-- tests.Tests -->
      <class name="tests.Tests_4_universalLocator">
        <test-method is-config="true" signature="before()[pri:0, instance:tests.Tests_4_universalLocator@646811d6]" started-at="2020-12-18T12:15:05 MSK" name="before" finished-at="2020-12-18T12:15:15 MSK" duration-ms="9263" status="PASS">
          <reporter-output>
          </reporter-output>
        </test-method> <!-- before -->
        <test-method signature="UniversalLocatorTest()[pri:0, instance:tests.Tests_4_universalLocator@646811d6]" started-at="2020-12-18T12:15:15 MSK" name="UniversalLocatorTest" description="Универсальный локатор" finished-at="2020-12-18T12:15:28 MSK" duration-ms="13569" status="FAIL">
          <exception class="com.codeborne.selenide.ex.ElementNotFound">
            <message>
              <![CDATA[Element not found {By.xpath: //span[text()='Диск']}
Expected: exist
Screenshot: file:/C:/Users/Yury/IdeaProjects/Yandex.ru/build/reports/tests/1608282925562.1.png
Page source: file:/C:/Users/Yury/IdeaProjects/Yandex.ru/build/reports/tests/1608282925562.1.html
Timeout: 10 s.
Caused by: NoSuchElementException: no such element: Unable to locate element: {"method":"xpath","selector":"//span[text()='Диск']"}]]>
            </message>
            <full-stacktrace>
              <![CDATA[Element not found {By.xpath: //span[text()='Диск']}
Expected: exist
Screenshot: file:/C:/Users/Yury/IdeaProjects/Yandex.ru/build/reports/tests/1608282925562.1.png
Page source: file:/C:/Users/Yury/IdeaProjects/Yandex.ru/build/reports/tests/1608282925562.1.html
Timeout: 10 s.
Caused by: NoSuchElementException: no such element: Unable to locate element: {"method":"xpath","selector":"//span[text()='Диск']"}
at com.codeborne.selenide.impl.WebElementSource.createElementNotFoundError(WebElementSource.java:56)
at com.codeborne.selenide.impl.ElementFinder.createElementNotFoundError(ElementFinder.java:136)
at com.codeborne.selenide.impl.WebElementSource.checkCondition(WebElementSource.java:87)
at com.codeborne.selenide.commands.Should.execute(Should.java:30)
at com.codeborne.selenide.commands.Should.execute(Should.java:14)
at com.codeborne.selenide.commands.Commands.execute(Commands.java:153)
at com.codeborne.selenide.impl.SelenideElementProxy.dispatchAndRetry(SelenideElementProxy.java:124)
at com.codeborne.selenide.impl.SelenideElementProxy.invoke(SelenideElementProxy.java:76)
at com.sun.proxy.$Proxy19.waitUntil(Unknown Source)
at actions.WaitWeb.loc(WaitWeb.java:12)
at tests.Tests_4_universalLocator.UniversalLocatorTest(Tests_4_universalLocator.java:15)
at java.base/jdk.internal.reflect.NativeMethodAccessorImpl.invoke0(Native Method)
at java.base/jdk.internal.reflect.NativeMethodAccessorImpl.invoke(NativeMethodAccessorImpl.java:62)
at java.base/jdk.internal.reflect.DelegatingMethodAccessorImpl.invoke(DelegatingMethodAccessorImpl.java:43)
at java.base/java.lang.reflect.Method.invoke(Method.java:566)
at org.testng.internal.MethodInvocationHelper.invokeMethod(MethodInvocationHelper.java:132)
at org.testng.internal.TestInvoker.invokeMethod(TestInvoker.java:599)
at org.testng.internal.TestInvoker.invokeTestMethod(TestInvoker.java:174)
at org.testng.internal.MethodRunner.runInSequence(MethodRunner.java:46)
at org.testng.internal.TestInvoker$MethodInvocationAgent.invoke(TestInvoker.java:822)
at org.testng.internal.TestInvoker.invokeTestMethods(TestInvoker.java:147)
at org.testng.internal.TestMethodWorker.invokeTestMethods(TestMethodWorker.java:146)
at org.testng.internal.TestMethodWorker.run(TestMethodWorker.java:128)
at java.base/java.util.concurrent.ThreadPoolExecutor.runWorker(ThreadPoolExecutor.java:1128)
at java.base/java.util.concurrent.ThreadPoolExecutor$Worker.run(ThreadPoolExecutor.java:628)
at java.base/java.lang.Thread.run(Thread.java:834)
Caused by: org.openqa.selenium.NoSuchElementException: no such element: Unable to locate element: {"method":"xpath","selector":"//span[text()='Диск']"}
  (Session info: chrome=87.0.4280.88)
For documentation on this error, please visit: https://www.seleniumhq.org/exceptions/no_such_element.html
Build info: version: '3.141.59', revision: 'e82be7d358', time: '2018-11-14T08:17:03'
System info: host: 'DESKTOP-S0EOUVT', ip: '192.168.0.104', os.name: 'Windows 10', os.arch: 'amd64', os.version: '10.0', java.version: '11.0.8'
Driver info: org.openqa.selenium.chrome.ChromeDriver
Capabilities {acceptInsecureCerts: true, browserName: chrome, browserVersion: 87.0.4280.88, chrome: {chromedriverVersion: 87.0.4280.88 (89e2380a3e36c..., userDataDir: C:\Users\Yury\AppData\Local...}, goog:chromeOptions: {debuggerAddress: localhost:64113}, javascriptEnabled: true, networkConnectionEnabled: false, pageLoadStrategy: normal, platform: WINDOWS, platformName: WINDOWS, proxy: Proxy(), setWindowRect: true, strictFileInteractability: false, timeouts: {implicit: 0, pageLoad: 300000, script: 30000}, unhandledPromptBehavior: dismiss and notify, webauthn:virtualAuthenticators: true}
Session ID: b4338cdc4b801c5f682aba27bbfb758e
*** Element info: {Using=xpath, value=//span[text()='Диск']}
at jdk.internal.reflect.GeneratedConstructorAccessor15.newInstance(Unknown Source)
at java.base/jdk.internal.reflect.DelegatingConstructorAccessorImpl.newInstance(DelegatingConstructorAccessorImpl.java:45)
at java.base/java.lang.reflect.Constructor.newInstance(Constructor.java:490)
at org.openqa.selenium.remote.http.W3CHttpResponseCodec.createException(W3CHttpResponseCodec.java:187)
at org.openqa.selenium.remote.http.W3CHttpResponseCodec.decode(W3CHttpResponseCodec.java:122)
at org.openqa.selenium.remote.http.W3CHttpResponseCodec.decode(W3CHttpResponseCodec.java:49)
at org.openqa.selenium.remote.HttpCommandExecutor.execute(HttpCommandExecutor.java:158)
at org.openqa.selenium.remote.service.DriverCommandExecutor.execute(DriverCommandExecutor.java:83)
at org.openqa.selenium.remote.RemoteWebDriver.execute(RemoteWebDriver.java:552)
at org.openqa.selenium.remote.RemoteWebDriver.findElement(RemoteWebDriver.java:323)
at org.openqa.selenium.remote.RemoteWebDriver.findElementByXPath(RemoteWebDriver.java:428)
at org.openqa.selenium.By$ByXPath.findElement(By.java:353)
at org.openqa.selenium.remote.RemoteWebDriver.findElement(RemoteWebDriver.java:315)
at com.codeborne.selenide.impl.WebElementSelector.findElement(WebElementSelector.java:65)
at com.codeborne.selenide.impl.WebElementSelector.findElement(WebElementSelector.java:40)
at com.codeborne.selenide.impl.ElementFinder.getWebElement(ElementFinder.java:104)
at com.codeborne.selenide.impl.WebElementSource.checkCondition(WebElementSource.java:72)
... 23 more
]]>
            </full-stacktrace>
          </exception> <!-- com.codeborne.selenide.ex.ElementNotFound -->
          <reporter-output>
          </reporter-output>
        </test-method> <!-- UniversalLocatorTest -->
        <test-method is-config="true" signature="close()[pri:0, instance:tests.Tests_4_universalLocator@646811d6]" started-at="2020-12-18T12:15:28 MSK" name="close" finished-at="2020-12-18T12:15:29 MSK" duration-ms="1155" status="PASS">
          <reporter-output>
          </reporter-output>
        </test-method> <!-- close -->
      </class> <!-- tests.Tests_4_universalLocator -->
    </test> <!-- Surefire test -->
  </suite> <!-- Surefire suite -->
</testng-results>
